<?xml version="1.0" encoding="UTF-8"?>
<!-- Generated by org.testng.reporters.JUnitReportReporter -->
<testsuite hostname="DESKTOP-7BPBNUK" failures="0" tests="1" name="com.ydcc.tests.ApplicationPageTests" time="0.478" errors="0" timestamp="24 Sep 2021 15:09:33 GMT" skipped="0">
  <testcase classname="com.ydcc.tests.ApplicationPageTests" name="verifyApplicationPreviewPage" time="0.478"/>
</testsuite> <!-- com.ydcc.tests.ApplicationPageTests -->
