<?xml version="1.0" encoding="UTF-8"?>
<!-- Generated by org.testng.reporters.JUnitReportReporter -->
<testsuite hostname="Mayur" failures="0" tests="4" name="com.ydcc.tests.HomePageTests" time="45.374" errors="0" timestamp="22 Sep 2021 04:49:00 GMT" skipped="0">
  <testcase classname="com.ydcc.tests.HomePageTests" name="verifyForgetPasswordLink" time="9.476"/>
  <testcase classname="com.ydcc.tests.HomePageTests" name="verifyForgetUserNameLink" time="13.926"/>
  <testcase classname="com.ydcc.tests.HomePageTests" name="verifyNewRegistrationButton" time="11.316"/>
  <testcase classname="com.ydcc.tests.HomePageTests" name="verifyLogin" time="10.656"/>
</testsuite> <!-- com.ydcc.tests.HomePageTests -->
