<?xml version="1.0" encoding="UTF-8"?>
<!-- Generated by org.testng.reporters.JUnitReportReporter -->
<testsuite hostname="Mayur" failures="0" tests="6" name="com.ydcc.tests.EducationalDetailsTests" time="14.661" errors="0" timestamp="22 Sep 2021 11:08:06 GMT" skipped="1">
  <testcase classname="com.ydcc.tests.EducationalDetailsTests" name="addWorkExperience" time="3.925"/>
  <testcase classname="com.ydcc.tests.EducationalDetailsTests" name="clickOnOKBtn" time="0.364"/>
  <testcase classname="com.ydcc.tests.EducationalDetailsTests" name="addTypingDetails" time="0.719"/>
  <testcase classname="com.ydcc.tests.EducationalDetailsTests" name="addEducationDetails" time="9.304"/>
  <testcase classname="com.ydcc.tests.EducationalDetailsTests" name="clickOnVaeifyBtn" time="0.349"/>
  <testcase classname="com.ydcc.tests.EducationalDetailsTests" name="clickOnBackBtn">
    <skipped/>
  </testcase> <!-- clickOnBackBtn -->
</testsuite> <!-- com.ydcc.tests.EducationalDetailsTests -->
