<?xml version="1.0" encoding="UTF-8"?>
<!-- Generated by org.testng.reporters.JUnitReportReporter -->
<testsuite hostname="DESKTOP-7BPBNUK" failures="0" tests="2" name="com.ydcc.tests.InstructionPageTests" time="1.183" errors="0" timestamp="24 Sep 2021 12:34:26 GMT" skipped="1">
  <testcase classname="com.ydcc.tests.InstructionPageTests" name="officialSiteLink" time="1.183"/>
  <testcase classname="com.ydcc.tests.InstructionPageTests" name="demoOfDownloadPDF">
    <skipped/>
  </testcase> <!-- demoOfDownloadPDF -->
</testsuite> <!-- com.ydcc.tests.InstructionPageTests -->
