<?xml version="1.0" encoding="UTF-8"?>
<!-- Generated by org.testng.reporters.JUnitReportReporter -->
<testsuite hostname="DESKTOP-7BPBNUK" failures="0" tests="1" name="com.ydcc.tests.NewUserRegistrationPageTests" time="1.839" errors="0" timestamp="24 Sep 2021 15:00:20 GMT" skipped="0">
  <testcase classname="com.ydcc.tests.NewUserRegistrationPageTests" name="verifyDetailsOnNewUserRegPage" time="1.839"/>
</testsuite> <!-- com.ydcc.tests.NewUserRegistrationPageTests -->
