<?xml version="1.0" encoding="UTF-8"?>
<!-- Generated by org.testng.reporters.JUnitReportReporter -->
<testsuite hostname="Mayur" failures="0" tests="2" name="sprinT.uiTest.HomePage" time="31.624" errors="0" timestamp="03 Sep 2021 12:44:06 GMT" skipped="0">
  <testcase classname="sprinT.uiTest.HomePage" name="VerifyHomePageTitle" time="17.989"/>
  <testcase classname="sprinT.uiTest.HomePage" name="verifySearchButton" time="13.635"/>
</testsuite> <!-- sprinT.uiTest.HomePage -->
